<?xml version="1.0" encoding="UTF-8"?>
<!-- Generated by org.testng.reporters.JUnitReportReporter -->
<testsuite skipped="0" hostname="DESKTOP-HO3C9IU" name="mavenProject.AbcTest" tests="5" failures="0" timestamp="16 Oct 2020 02:57:42 GMT" time="43.151" errors="0">
  <testcase name="GetFirefoxUrl" time="13.959" classname="mavenProject.AbcTest"/>
  <testcase name="methodOne" time="0.005" classname="mavenProject.AbcTest"/>
  <testcase name="GetUrl" time="17.179" classname="mavenProject.AbcTest"/>
  <testcase name="GetEdgeUrl" time="12.006" classname="mavenProject.AbcTest"/>
  <testcase name="methodTwo" time="0.002" classname="mavenProject.AbcTest"/>
</testsuite> <!-- mavenProject.AbcTest -->
