<?xml version="1.0" encoding="UTF-8"?>
<!-- Generated by org.testng.reporters.JUnitReportReporter -->
<testsuite hostname="DESKTOP-HO3C9IU" failures="0" tests="5" name="mavenProject.AbcTest" time="94.231" errors="0" timestamp="2020-10-21T15:34:30 IST" skipped="0">
  <testcase classname="mavenProject.AbcTest" name="methodOne" time="0.013"/>
  <system-out/>
  <testcase classname="mavenProject.AbcTest" name="GetEdgeUrl" time="27.544"/>
  <system-out/>
  <testcase classname="mavenProject.AbcTest" name="methodTwo" time="0.014"/>
  <system-out/>
  <testcase classname="mavenProject.AbcTest" name="GetUrl" time="33.047"/>
  <system-out/>
  <testcase classname="mavenProject.AbcTest" name="GetFirefoxUrl" time="33.613"/>
  <system-out/>
</testsuite> <!-- mavenProject.AbcTest -->
